2023-02-06 22:40:54,110  INFO [main] LoginTest:64 - Test Case Execution started------->InvalidLogin
2023-02-06 22:40:54,112  INFO [main] ElementUtils:81 - Inside enterText method
2023-02-06 22:40:54,112  INFO [main] ElementUtils:83 - Locator : By.name: username
2023-02-06 22:40:54,429  INFO [main] ElementUtils:88 - Text Entered  successful
2023-02-06 22:40:54,430  INFO [main] ElementUtils:81 - Inside enterText method
2023-02-06 22:40:54,430  INFO [main] ElementUtils:83 - Locator : By.name: password
2023-02-06 22:40:54,650  INFO [main] ElementUtils:88 - Text Entered  successful
2023-02-06 22:40:54,651  INFO [main] ElementUtils:21 - Inside doclick method
2023-02-06 22:40:54,652  INFO [main] ElementUtils:23 - Locator : By.className: orangehrm-login-button
2023-02-06 22:40:55,949  INFO [main] ElementUtils:28 - click successful
2023-02-06 22:40:55,951  INFO [main] ElementUtils:103 - Inside iselemetPresent method
2023-02-06 22:40:55,951  INFO [main] ElementUtils:105 - Locator : By.className: oxd-alert-content-text
2023-02-06 22:40:56,525  INFO [main] ElementUtils:111 - Element located within the time
2023-02-06 22:41:04,707  INFO [main] LoginTest:30 - Test Case Execution started------->LoginTest
2023-02-06 22:41:04,709  INFO [main] ElementUtils:81 - Inside enterText method
2023-02-06 22:41:04,709  INFO [main] ElementUtils:83 - Locator : By.name: username
2023-02-06 22:41:04,835  INFO [main] ElementUtils:88 - Text Entered  successful
2023-02-06 22:41:04,836  INFO [main] ElementUtils:81 - Inside enterText method
2023-02-06 22:41:04,836  INFO [main] ElementUtils:83 - Locator : By.name: password
2023-02-06 22:41:05,100  INFO [main] ElementUtils:88 - Text Entered  successful
2023-02-06 22:41:05,100  INFO [main] ElementUtils:21 - Inside doclick method
2023-02-06 22:41:05,100  INFO [main] ElementUtils:23 - Locator : By.className: orangehrm-login-button
2023-02-06 22:41:06,309  INFO [main] ElementUtils:28 - click successful
2023-02-06 22:41:22,635  INFO [main] LoginTest:94 - Test Case Execution started------->redirectToResetPasswordPageLinkPresent
2023-02-06 22:41:39,288  INFO [main] LoginTest:110 - Test Case Execution started------->navigateResetPasswordPage
2023-02-06 22:42:19,849  INFO [main] ElementUtils:81 - Inside enterText method
2023-02-06 22:42:19,849  INFO [main] ElementUtils:83 - Locator : By.name: username
2023-02-06 22:42:19,981  INFO [main] ElementUtils:88 - Text Entered  successful
2023-02-06 22:42:19,982  INFO [main] ElementUtils:81 - Inside enterText method
2023-02-06 22:42:19,982  INFO [main] ElementUtils:83 - Locator : By.name: password
2023-02-06 22:42:20,201  INFO [main] ElementUtils:88 - Text Entered  successful
2023-02-06 22:42:20,201  INFO [main] ElementUtils:21 - Inside doclick method
2023-02-06 22:42:20,202  INFO [main] ElementUtils:23 - Locator : By.className: orangehrm-login-button
2023-02-06 22:42:21,739  INFO [main] ElementUtils:28 - click successful
2023-02-06 23:30:05,979  INFO [main] TestBase:41 - -------Execution started for TestcaseInvalidLogin-----
2023-02-06 23:30:05,994  INFO [main] DriverFactory:20 - inside init_driver, browser : chrome
2023-02-06 23:30:56,797  INFO [main] DriverFactory:27 - chrome driver initialized
2023-02-06 23:31:02,034  INFO [main] LoginTest:64 - Test Case Execution started------->InvalidLogin
2023-02-06 23:31:02,037  INFO [main] ElementUtils:81 - Inside enterText method
2023-02-06 23:31:02,039  INFO [main] ElementUtils:83 - Locator : By.name: username
2023-02-06 23:31:02,146  INFO [main] ElementUtils:88 - Text Entered  successful
2023-02-06 23:31:02,146  INFO [main] ElementUtils:81 - Inside enterText method
2023-02-06 23:31:02,146  INFO [main] ElementUtils:83 - Locator : By.name: password
2023-02-06 23:31:02,357  INFO [main] ElementUtils:88 - Text Entered  successful
2023-02-06 23:31:02,357  INFO [main] ElementUtils:21 - Inside doclick method
2023-02-06 23:31:02,357  INFO [main] ElementUtils:23 - Locator : By.className: orangehrm-login-button
2023-02-06 23:31:03,657  INFO [main] ElementUtils:28 - click successful
2023-02-06 23:31:03,659  INFO [main] ElementUtils:103 - Inside iselemetPresent method
2023-02-06 23:31:03,660  INFO [main] ElementUtils:105 - Locator : By.className: oxd-alert-content-text
2023-02-06 23:31:04,224  INFO [main] ElementUtils:111 - Element located within the time
2023-02-06 23:31:04,287  INFO [main] TestBase:41 - -------Execution started for TestcaseloginTest-----
2023-02-06 23:31:04,287  INFO [main] DriverFactory:20 - inside init_driver, browser : chrome
2023-02-06 23:31:05,634  INFO [main] DriverFactory:27 - chrome driver initialized
2023-02-06 23:31:11,400  INFO [main] LoginTest:30 - Test Case Execution started------->LoginTest
2023-02-06 23:31:11,400  INFO [main] ElementUtils:81 - Inside enterText method
2023-02-06 23:31:11,400  INFO [main] ElementUtils:83 - Locator : By.name: username
2023-02-06 23:31:11,613  INFO [main] ElementUtils:88 - Text Entered  successful
2023-02-06 23:31:11,613  INFO [main] ElementUtils:81 - Inside enterText method
2023-02-06 23:31:11,613  INFO [main] ElementUtils:83 - Locator : By.name: password
2023-02-06 23:31:11,801  INFO [main] ElementUtils:88 - Text Entered  successful
2023-02-06 23:31:11,801  INFO [main] ElementUtils:21 - Inside doclick method
2023-02-06 23:31:11,801  INFO [main] ElementUtils:23 - Locator : By.className: orangehrm-login-button
2023-02-06 23:31:13,222  INFO [main] ElementUtils:28 - click successful
2023-02-06 23:31:13,818  INFO [main] TestBase:41 - -------Execution started for TestcaseredirectToResetPasswordPageLinkPresent-----
2023-02-06 23:31:13,818  INFO [main] DriverFactory:20 - inside init_driver, browser : chrome
2023-02-06 23:31:15,778  INFO [main] DriverFactory:27 - chrome driver initialized
2023-02-06 23:31:21,588  INFO [main] LoginTest:94 - Test Case Execution started------->redirectToResetPasswordPageLinkPresent
2023-02-06 23:31:21,631  INFO [main] TestBase:41 - -------Execution started for TestcasenavigateResetPasswordPage-----
2023-02-06 23:31:21,631  INFO [main] DriverFactory:20 - inside init_driver, browser : chrome
2023-02-06 23:31:23,456  INFO [main] DriverFactory:27 - chrome driver initialized
2023-02-06 23:31:29,562  INFO [main] LoginTest:110 - Test Case Execution started------->navigateResetPasswordPage
2023-02-06 23:31:31,004  INFO [main] TestBase:41 - -------Execution started for TestcasecancelButton-----
2023-02-06 23:31:31,004  INFO [main] DriverFactory:20 - inside init_driver, browser : chrome
2023-02-06 23:31:32,828  INFO [main] DriverFactory:27 - chrome driver initialized
2023-02-09 15:42:08,952  INFO [main] TestBase:45 - -------Execution started for TestcaseInvalidLogin-----
2023-02-09 15:42:08,976  INFO [main] DriverFactory:20 - inside init_driver, browser : chrome
2023-02-09 15:42:29,909  INFO [main] DriverFactory:27 - chrome driver initialized
2023-02-09 15:42:39,917  INFO [main] LoginTest:64 - Test Case Execution started------->InvalidLogin
2023-02-09 15:42:39,917  INFO [main] ElementUtils:81 - Inside enterText method
2023-02-09 15:42:39,917  INFO [main] ElementUtils:83 - Locator : By.name: username
2023-02-09 15:42:40,123  INFO [main] ElementUtils:88 - Text Entered  successful
2023-02-09 15:42:40,123  INFO [main] ElementUtils:81 - Inside enterText method
2023-02-09 15:42:40,123  INFO [main] ElementUtils:83 - Locator : By.name: password
2023-02-09 15:42:40,323  INFO [main] ElementUtils:88 - Text Entered  successful
2023-02-09 15:42:40,323  INFO [main] ElementUtils:21 - Inside doclick method
2023-02-09 15:42:40,323  INFO [main] ElementUtils:23 - Locator : By.className: orangehrm-login-button
2023-02-09 15:42:40,508  INFO [main] ElementUtils:28 - click successful
2023-02-09 15:42:40,510  INFO [main] ElementUtils:103 - Inside iselemetPresent method
2023-02-09 15:42:40,511  INFO [main] ElementUtils:105 - Locator : By.className: oxd-alert-content-text
2023-02-09 15:42:42,118  INFO [main] ElementUtils:111 - Element located within the time
2023-02-09 15:42:42,212  INFO [main] TestBase:45 - -------Execution started for TestcaseloginTest-----
2023-02-09 15:42:42,212  INFO [main] DriverFactory:20 - inside init_driver, browser : chrome
2023-02-09 15:42:46,044  INFO [main] DriverFactory:27 - chrome driver initialized
2023-02-09 15:42:58,132  INFO [main] LoginTest:30 - Test Case Execution started------->LoginTest
2023-02-09 15:42:58,135  INFO [main] ElementUtils:81 - Inside enterText method
2023-02-09 15:42:58,136  INFO [main] ElementUtils:83 - Locator : By.name: username
2023-02-09 15:42:58,266  INFO [main] ElementUtils:88 - Text Entered  successful
2023-02-09 15:42:58,266  INFO [main] ElementUtils:81 - Inside enterText method
2023-02-09 15:42:58,266  INFO [main] ElementUtils:83 - Locator : By.name: password
2023-02-09 15:42:58,469  INFO [main] ElementUtils:88 - Text Entered  successful
2023-02-09 15:42:58,469  INFO [main] ElementUtils:21 - Inside doclick method
2023-02-09 15:42:58,469  INFO [main] ElementUtils:23 - Locator : By.className: orangehrm-login-button
2023-02-09 15:42:58,643  INFO [main] ElementUtils:28 - click successful
2023-02-09 15:43:00,480  INFO [main] TestBase:45 - -------Execution started for TestcaseredirectToResetPasswordPageLinkPresent-----
2023-02-09 15:43:00,480  INFO [main] DriverFactory:20 - inside init_driver, browser : chrome
2023-02-09 15:43:15,033  INFO [main] DriverFactory:27 - chrome driver initialized
2023-02-09 15:43:31,593  INFO [main] LoginTest:94 - Test Case Execution started------->redirectToResetPasswordPageLinkPresent
2023-02-09 15:43:31,656  INFO [main] TestBase:45 - -------Execution started for TestcasenavigateResetPasswordPage-----
2023-02-09 15:43:31,656  INFO [main] DriverFactory:20 - inside init_driver, browser : chrome
2023-02-09 15:43:43,809  INFO [main] DriverFactory:27 - chrome driver initialized
2023-02-09 15:43:55,190  INFO [main] LoginTest:110 - Test Case Execution started------->navigateResetPasswordPage
2023-02-09 15:43:57,339  INFO [main] TestBase:45 - -------Execution started for TestcasecancelButton-----
2023-02-09 15:43:57,339  INFO [main] DriverFactory:20 - inside init_driver, browser : chrome
2023-02-09 15:43:59,600  INFO [main] DriverFactory:27 - chrome driver initialized
2023-02-09 15:51:01,204  INFO [main] TestBase:45 - -------Execution started for TestcaseInvalidLogin-----
2023-02-09 15:51:01,220  INFO [main] DriverFactory:20 - inside init_driver, browser : edge
2023-02-09 15:51:30,135  INFO [main] LoginTest:64 - Test Case Execution started------->InvalidLogin
2023-02-09 15:51:30,349  INFO [main] ElementUtils:81 - Inside enterText method
2023-02-09 15:51:30,349  INFO [main] ElementUtils:83 - Locator : By.name: username
2023-02-09 15:51:30,645  INFO [main] ElementUtils:88 - Text Entered  successful
2023-02-09 15:51:30,646  INFO [main] ElementUtils:81 - Inside enterText method
2023-02-09 15:51:30,646  INFO [main] ElementUtils:83 - Locator : By.name: password
2023-02-09 15:51:30,818  INFO [main] ElementUtils:88 - Text Entered  successful
2023-02-09 15:51:30,819  INFO [main] ElementUtils:21 - Inside doclick method
2023-02-09 15:51:30,819  INFO [main] ElementUtils:23 - Locator : By.className: orangehrm-login-button
2023-02-09 15:51:32,412  INFO [main] ElementUtils:28 - click successful
2023-02-09 15:51:32,456  INFO [main] ElementUtils:103 - Inside iselemetPresent method
2023-02-09 15:51:32,457  INFO [main] ElementUtils:105 - Locator : By.className: oxd-alert-content-text
2023-02-09 15:51:33,006  INFO [main] ElementUtils:111 - Element located within the time
2023-02-09 15:51:33,068  INFO [main] TestBase:45 - -------Execution started for TestcaseloginTest-----
2023-02-09 15:51:33,068  INFO [main] DriverFactory:20 - inside init_driver, browser : edge
2023-02-09 15:51:46,456  INFO [main] LoginTest:30 - Test Case Execution started------->LoginTest
2023-02-09 15:51:46,457  INFO [main] ElementUtils:81 - Inside enterText method
2023-02-09 15:51:46,457  INFO [main] ElementUtils:83 - Locator : By.name: username
2023-02-09 15:51:46,579  INFO [main] ElementUtils:88 - Text Entered  successful
2023-02-09 15:51:46,579  INFO [main] ElementUtils:81 - Inside enterText method
2023-02-09 15:51:46,579  INFO [main] ElementUtils:83 - Locator : By.name: password
2023-02-09 15:51:46,787  INFO [main] ElementUtils:88 - Text Entered  successful
2023-02-09 15:51:46,787  INFO [main] ElementUtils:21 - Inside doclick method
2023-02-09 15:51:46,787  INFO [main] ElementUtils:23 - Locator : By.className: orangehrm-login-button
2023-02-09 15:51:48,385  INFO [main] ElementUtils:28 - click successful
2023-02-09 15:51:48,988  INFO [main] TestBase:45 - -------Execution started for TestcaseredirectToResetPasswordPageLinkPresent-----
2023-02-09 15:51:48,988  INFO [main] DriverFactory:20 - inside init_driver, browser : edge
2023-02-09 15:52:02,204  INFO [main] LoginTest:94 - Test Case Execution started------->redirectToResetPasswordPageLinkPresent
2023-02-09 15:52:02,235  INFO [main] TestBase:45 - -------Execution started for TestcasenavigateResetPasswordPage-----
2023-02-09 15:52:02,235  INFO [main] DriverFactory:20 - inside init_driver, browser : edge
2023-02-09 15:52:20,194  INFO [main] LoginTest:110 - Test Case Execution started------->navigateResetPasswordPage
2023-02-09 15:52:21,861  INFO [main] TestBase:45 - -------Execution started for TestcasecancelButton-----
2023-02-09 15:52:21,861  INFO [main] DriverFactory:20 - inside init_driver, browser : edge
2023-02-09 17:43:17,064  INFO [main] TestBase:45 - -------Execution started for TestcaseInvalidLogin-----
2023-02-09 17:43:17,106  INFO [main] DriverFactory:21 - inside init_driver, browser : chrome
2023-02-09 17:43:33,354  INFO [main] DriverFactory:28 - chrome driver initialized
2023-02-09 17:45:10,906  INFO [main] TestBase:45 - -------Execution started for TestcaseInvalidLogin-----
2023-02-09 17:45:10,914  INFO [main] DriverFactory:21 - inside init_driver, browser : chrome
2023-02-09 17:45:22,391  INFO [main] DriverFactory:28 - chrome driver initialized
2023-02-09 17:45:34,342  INFO [main] LoginTest:64 - Test Case Execution started------->InvalidLogin
2023-02-09 17:45:34,450  INFO [main] ElementUtils:81 - Inside enterText method
2023-02-09 17:45:34,450  INFO [main] ElementUtils:83 - Locator : By.name: username
2023-02-09 17:45:34,915  INFO [main] ElementUtils:88 - Text Entered  successful
2023-02-09 17:45:34,916  INFO [main] ElementUtils:81 - Inside enterText method
2023-02-09 17:45:34,917  INFO [main] ElementUtils:83 - Locator : By.name: password
2023-02-09 17:45:35,102  INFO [main] ElementUtils:88 - Text Entered  successful
2023-02-09 17:45:35,103  INFO [main] ElementUtils:21 - Inside doclick method
2023-02-09 17:45:35,103  INFO [main] ElementUtils:23 - Locator : By.className: orangehrm-login-button
2023-02-09 17:45:36,394  INFO [main] ElementUtils:28 - click successful
2023-02-09 17:45:36,420  INFO [main] ElementUtils:103 - Inside iselemetPresent method
2023-02-09 17:45:36,420  INFO [main] ElementUtils:105 - Locator : By.className: oxd-alert-content-text
2023-02-09 17:45:37,057  INFO [main] ElementUtils:111 - Element located within the time
2023-02-09 17:45:37,140  INFO [main] TestBase:45 - -------Execution started for TestcaseloginTest-----
2023-02-09 17:45:37,140  INFO [main] DriverFactory:21 - inside init_driver, browser : chrome
2023-02-09 17:45:45,327  INFO [main] DriverFactory:28 - chrome driver initialized
2023-02-09 17:45:54,727  INFO [main] LoginTest:30 - Test Case Execution started------->LoginTest
2023-02-09 17:45:54,727  INFO [main] ElementUtils:81 - Inside enterText method
2023-02-09 17:45:54,727  INFO [main] ElementUtils:83 - Locator : By.name: username
2023-02-09 17:45:54,852  INFO [main] ElementUtils:88 - Text Entered  successful
2023-02-09 17:45:54,852  INFO [main] ElementUtils:81 - Inside enterText method
2023-02-09 17:45:54,852  INFO [main] ElementUtils:83 - Locator : By.name: password
2023-02-09 17:45:55,161  INFO [main] ElementUtils:88 - Text Entered  successful
2023-02-09 17:45:55,161  INFO [main] ElementUtils:21 - Inside doclick method
2023-02-09 17:45:55,162  INFO [main] ElementUtils:23 - Locator : By.className: orangehrm-login-button
2023-02-09 17:45:57,709  INFO [main] ElementUtils:28 - click successful
2023-02-09 17:46:01,983  INFO [main] TestBase:45 - -------Execution started for TestcaseredirectToResetPasswordPageLinkPresent-----
2023-02-09 17:46:01,984  INFO [main] DriverFactory:21 - inside init_driver, browser : chrome
2023-02-09 17:46:13,132  INFO [main] DriverFactory:28 - chrome driver initialized
2023-02-09 17:46:23,667  INFO [main] LoginTest:94 - Test Case Execution started------->redirectToResetPasswordPageLinkPresent
2023-02-09 17:46:23,714  INFO [main] TestBase:45 - -------Execution started for TestcasenavigateResetPasswordPage-----
2023-02-09 17:46:23,714  INFO [main] DriverFactory:21 - inside init_driver, browser : chrome
2023-02-09 17:46:39,587  INFO [main] DriverFactory:28 - chrome driver initialized
2023-02-09 17:47:08,243  INFO [main] LoginTest:110 - Test Case Execution started------->navigateResetPasswordPage
2023-02-09 17:47:10,039  INFO [main] TestBase:45 - -------Execution started for TestcasecancelButton-----
2023-02-09 17:47:10,039  INFO [main] DriverFactory:21 - inside init_driver, browser : chrome
2023-02-09 17:47:38,219  INFO [main] DriverFactory:28 - chrome driver initialized
2023-02-14 14:36:34,743  INFO [main] TestBase:45 - -------Execution started for TestcaseInvalidLogin-----
2023-02-14 14:36:34,747  INFO [main] DriverFactory:21 - inside init_driver, browser : chrome
2023-02-14 14:36:46,782  INFO [main] DriverFactory:28 - chrome driver initialized
2023-02-14 14:36:58,206  INFO [main] LoginTest:64 - Test Case Execution started------->InvalidLogin
2023-02-14 14:36:58,211  INFO [main] ElementUtils:81 - Inside enterText method
2023-02-14 14:36:58,212  INFO [main] ElementUtils:83 - Locator : By.name: username
2023-02-14 14:36:58,452  INFO [main] ElementUtils:88 - Text Entered  successful
2023-02-14 14:36:58,453  INFO [main] ElementUtils:81 - Inside enterText method
2023-02-14 14:36:58,454  INFO [main] ElementUtils:83 - Locator : By.name: password
2023-02-14 14:36:58,683  INFO [main] ElementUtils:88 - Text Entered  successful
2023-02-14 14:36:58,684  INFO [main] ElementUtils:21 - Inside doclick method
2023-02-14 14:36:58,684  INFO [main] ElementUtils:23 - Locator : By.className: orangehrm-login-button
2023-02-14 14:36:58,794  INFO [main] ElementUtils:28 - click successful
2023-02-14 14:36:58,796  INFO [main] ElementUtils:103 - Inside iselemetPresent method
2023-02-14 14:36:58,796  INFO [main] ElementUtils:105 - Locator : By.className: oxd-alert-content-text
2023-02-14 14:37:00,504  INFO [main] ElementUtils:111 - Element located within the time
2023-02-14 14:37:00,566  INFO [main] TestBase:45 - -------Execution started for TestcaseloginTest-----
2023-02-14 14:37:00,566  INFO [main] DriverFactory:21 - inside init_driver, browser : chrome
2023-02-14 14:37:03,136  INFO [main] DriverFactory:28 - chrome driver initialized
2023-02-14 14:37:25,250  INFO [main] LoginTest:30 - Test Case Execution started------->LoginTest
2023-02-14 14:37:25,254  INFO [main] ElementUtils:81 - Inside enterText method
2023-02-14 14:37:25,255  INFO [main] ElementUtils:83 - Locator : By.name: username
2023-02-14 14:37:25,358  INFO [main] ElementUtils:88 - Text Entered  successful
2023-02-14 14:37:25,358  INFO [main] ElementUtils:81 - Inside enterText method
2023-02-14 14:37:25,358  INFO [main] ElementUtils:83 - Locator : By.name: password
2023-02-14 14:37:25,561  INFO [main] ElementUtils:88 - Text Entered  successful
2023-02-14 14:37:25,561  INFO [main] ElementUtils:21 - Inside doclick method
2023-02-14 14:37:25,561  INFO [main] ElementUtils:23 - Locator : By.className: orangehrm-login-button
2023-02-14 14:37:25,695  INFO [main] ElementUtils:28 - click successful
2023-02-14 14:37:28,032  INFO [main] TestBase:45 - -------Execution started for TestcaseredirectToResetPasswordPageLinkPresent-----
2023-02-14 14:37:28,033  INFO [main] DriverFactory:21 - inside init_driver, browser : chrome
2023-02-14 14:37:30,104  INFO [main] DriverFactory:28 - chrome driver initialized
2023-02-14 14:37:39,106  INFO [main] LoginTest:94 - Test Case Execution started------->redirectToResetPasswordPageLinkPresent
2023-02-14 14:37:39,148  INFO [main] TestBase:45 - -------Execution started for TestcasenavigateResetPasswordPage-----
2023-02-14 14:37:39,149  INFO [main] DriverFactory:21 - inside init_driver, browser : chrome
2023-02-14 14:37:41,101  INFO [main] DriverFactory:28 - chrome driver initialized
2023-02-14 14:37:50,777  INFO [main] LoginTest:110 - Test Case Execution started------->navigateResetPasswordPage
2023-02-14 14:37:52,146  INFO [main] TestBase:45 - -------Execution started for TestcasecancelButton-----
2023-02-14 14:37:52,146  INFO [main] DriverFactory:21 - inside init_driver, browser : chrome
2023-02-14 14:37:54,411  INFO [main] DriverFactory:28 - chrome driver initialized
2023-02-14 16:25:20,000  INFO [main] TestBase:45 - -------Execution started for TestcaseInvalidLogin-----
2023-02-14 16:25:20,019  INFO [main] DriverFactory:21 - inside init_driver, browser : chrome
2023-02-14 16:25:26,634  INFO [main] DriverFactory:28 - chrome driver initialized
2023-02-14 16:25:38,177  INFO [main] LoginTest:64 - Test Case Execution started------->InvalidLogin
2023-02-14 16:25:38,206  INFO [main] ElementUtils:81 - Inside enterText method
2023-02-14 16:25:38,207  INFO [main] ElementUtils:83 - Locator : By.name: username
2023-02-14 16:25:38,537  INFO [main] ElementUtils:88 - Text Entered  successful
2023-02-14 16:25:38,537  INFO [main] ElementUtils:81 - Inside enterText method
2023-02-14 16:25:38,537  INFO [main] ElementUtils:83 - Locator : By.name: password
2023-02-14 16:25:38,707  INFO [main] ElementUtils:88 - Text Entered  successful
2023-02-14 16:25:38,707  INFO [main] ElementUtils:21 - Inside doclick method
2023-02-14 16:25:38,708  INFO [main] ElementUtils:23 - Locator : By.className: orangehrm-login-button
2023-02-14 16:25:38,813  INFO [main] ElementUtils:28 - click successful
2023-02-14 16:25:38,864  INFO [main] ElementUtils:103 - Inside iselemetPresent method
2023-02-14 16:25:38,864  INFO [main] ElementUtils:105 - Locator : By.className: oxd-alert-content-text
2023-02-14 16:25:43,734  INFO [main] ElementUtils:111 - Element located within the time
2023-02-14 16:25:43,888  INFO [main] TestBase:45 - -------Execution started for TestcaseloginTest-----
2023-02-14 16:25:43,888  INFO [main] DriverFactory:21 - inside init_driver, browser : chrome
2023-02-14 16:25:47,838  INFO [main] DriverFactory:28 - chrome driver initialized
2023-02-14 16:25:58,634  INFO [main] LoginTest:30 - Test Case Execution started------->LoginTest
2023-02-14 16:25:58,635  INFO [main] ElementUtils:81 - Inside enterText method
2023-02-14 16:25:58,635  INFO [main] ElementUtils:83 - Locator : By.name: username
2023-02-14 16:25:58,780  INFO [main] ElementUtils:88 - Text Entered  successful
2023-02-14 16:25:58,780  INFO [main] ElementUtils:81 - Inside enterText method
2023-02-14 16:25:58,781  INFO [main] ElementUtils:83 - Locator : By.name: password
2023-02-14 16:25:58,967  INFO [main] ElementUtils:88 - Text Entered  successful
2023-02-14 16:25:58,968  INFO [main] ElementUtils:21 - Inside doclick method
2023-02-14 16:25:58,968  INFO [main] ElementUtils:23 - Locator : By.className: orangehrm-login-button
2023-02-14 16:26:00,290  INFO [main] ElementUtils:28 - click successful
2023-02-14 16:26:01,694  INFO [main] TestBase:45 - -------Execution started for TestcaseredirectToResetPasswordPageLinkPresent-----
2023-02-14 16:26:01,694  INFO [main] DriverFactory:21 - inside init_driver, browser : chrome
2023-02-14 16:26:06,382  INFO [main] DriverFactory:28 - chrome driver initialized
2023-02-14 16:26:26,613  INFO [main] LoginTest:94 - Test Case Execution started------->redirectToResetPasswordPageLinkPresent
2023-02-14 16:26:26,667  INFO [main] TestBase:45 - -------Execution started for TestcasenavigateResetPasswordPage-----
2023-02-14 16:26:26,668  INFO [main] DriverFactory:21 - inside init_driver, browser : chrome
2023-02-14 16:26:29,335  INFO [main] DriverFactory:28 - chrome driver initialized
2023-02-14 16:26:54,790  INFO [main] LoginTest:110 - Test Case Execution started------->navigateResetPasswordPage
2023-02-14 16:26:56,220  INFO [main] TestBase:45 - -------Execution started for TestcasecancelButton-----
2023-02-14 16:26:56,221  INFO [main] DriverFactory:21 - inside init_driver, browser : chrome
2023-02-14 16:27:13,569  INFO [main] DriverFactory:28 - chrome driver initialized
